Using pre-set license
Built from '2020.3/staging' branch; Version is '2020.3.16f1 (049d6eca3c44) revision 302446'; Using compiler version '192528614'; Build Type 'Release'
OS: 'Windows 10 Home; OS build 22000.739; Version 2009; 64bit' Language: 'en' Physical Memory: 32429 MB
BatchMode: 1, IsHumanControllingUs: 0, StartBugReporterOnCrash: 0, Is64bit: 1, IsPro: 0

 COMMAND LINE ARGUMENTS:
C:\Users\horav\OneDrive\Desktop\Unity Games\2020.3.16f1\Editor\Unity.exe
-adb2
-batchMode
-noUpm
-name
AssetImportWorker0
-projectPath
C:/Users/horav/OneDrive/Desktop/Unity Games/ProjectRhizomeV2
-logFile
Logs/AssetImportWorker0.log
-srvPort
61467
Successfully changed project path to: C:/Users/horav/OneDrive/Desktop/Unity Games/ProjectRhizomeV2
C:/Users/horav/OneDrive/Desktop/Unity Games/ProjectRhizomeV2
Using Asset Import Pipeline V2.
Refreshing native plugins compatible for Editor in 111.26 ms, found 19 plugins.
Preloading 3 native plugins for Editor in 3.04 ms.
Initialize engine version: 2020.3.16f1 (049d6eca3c44)
[Subsystems] Discovering subsystems at path C:/Users/horav/OneDrive/Desktop/Unity Games/2020.3.16f1/Editor/Data/Resources/UnitySubsystems
[Subsystems] Discovering subsystems at path C:/Users/horav/OneDrive/Desktop/Unity Games/ProjectRhizomeV2/Assets
GfxDevice: creating device client; threaded=0
Direct3D:
    Version:  Direct3D 11.0 [level 11.1]
    Renderer: NVIDIA GeForce RTX 3070 Laptop GPU (ID=0x24dd)
    Vendor:   
    VRAM:     8044 MB
    Driver:   30.0.15.1295
Initialize mono
Mono path[0] = 'C:/Users/horav/OneDrive/Desktop/Unity Games/2020.3.16f1/Editor/Data/Managed'
Mono path[1] = 'C:/Users/horav/OneDrive/Desktop/Unity Games/2020.3.16f1/Editor/Data/MonoBleedingEdge/lib/mono/unityjit'
Mono config path = 'C:/Users/horav/OneDrive/Desktop/Unity Games/2020.3.16f1/Editor/Data/MonoBleedingEdge/etc'
Using monoOptions --debugger-agent=transport=dt_socket,embedding=1,server=y,suspend=n,address=127.0.0.1:56296
Begin MonoManager ReloadAssembly
Registering precompiled unity dll's ...
Register platform support module: C:/Users/horav/OneDrive/Desktop/Unity Games/2020.3.16f1/Editor/Data/PlaybackEngines/WindowsStandaloneSupport/UnityEditor.WindowsStandalone.Extensions.dll
Registered in 0.001323 seconds.
Native extension for WindowsStandalone target not found
Refreshing native plugins compatible for Editor in 74.64 ms, found 19 plugins.
Preloading 3 native plugins for Editor in 0.14 ms.
Mono: successfully reloaded assembly
- Completed reload, in  1.728 seconds
Domain Reload Profiling:
	ReloadAssembly (1729ms)
		BeginReloadAssembly (37ms)
			ExecutionOrderSort (0ms)
			DisableScriptedObjects (0ms)
			BackupInstance (0ms)
			ReleaseScriptingObjects (0ms)
			CreateAndSetChildDomain (1ms)
		EndReloadAssembly (373ms)
			LoadAssemblies (35ms)
			RebuildTransferFunctionScriptingTraits (0ms)
			SetupTypeCache (116ms)
			ReleaseScriptCaches (0ms)
			RebuildScriptCaches (27ms)
			SetupLoadedEditorAssemblies (170ms)
				LogAssemblyErrors (0ms)
				InitializePlatformSupportModulesInManaged (3ms)
				SetLoadedEditorAssemblies (0ms)
				RefreshPlugins (75ms)
				BeforeProcessingInitializeOnLoad (12ms)
				ProcessInitializeOnLoadAttributes (59ms)
				ProcessInitializeOnLoadMethodAttributes (21ms)
				AfterProcessingInitializeOnLoad (0ms)
				EditorAssembliesLoaded (0ms)
			ExecutionOrderSort2 (0ms)
			AwakeInstancesAfterBackupRestoration (0ms)
Platform modules already initialized, skipping
Registering precompiled user dll's ...
Registered in 0.012021 seconds.
Begin MonoManager ReloadAssembly
Native extension for WindowsStandalone target not found
Refreshing native plugins compatible for Editor in 71.34 ms, found 19 plugins.
Preloading 3 native plugins for Editor in 0.15 ms.
[XR] OculusXRPlugin: registering subsystems
[XR] Unable to register display lifecyle provider: [1]
[XR] Oculus Input lifecycle provider registered.
[XR] Unable to register input lifecyle provider: [1]
System.Reflection.TargetInvocationException: Exception has been thrown by the target of an invocation. ---> System.NullReferenceException: Object reference not set to an instance of an object
  at Unity.XR.Oculus.OculusLoader.AssetPathToAbsolutePath (System.String assetPath) [0x00048] in C:\Users\horav\OneDrive\Desktop\Unity Games\ProjectRhizomeV2\Library\PackageCache\com.unity.xr.oculus@1.9.1\Runtime\OculusLoader.cs:249 
  at Unity.XR.Oculus.OculusLoader.EditorLoadOVRPlugin () [0x0007b] in C:\Users\horav\OneDrive\Desktop\Unity Games\ProjectRhizomeV2\Library\PackageCache\com.unity.xr.oculus@1.9.1\Runtime\OculusLoader.cs:234 
  at (wrapper managed-to-native) System.Reflection.MonoMethod.InternalInvoke(System.Reflection.MonoMethod,object,object[],System.Exception&)
  at System.Reflection.MonoMethod.Invoke (System.Object obj, System.Reflection.BindingFlags invokeAttr, System.Reflection.Binder binder, System.Object[] parameters, System.Globalization.CultureInfo culture) [0x00032] in <695d1cc93cca45069c528c15c9fdd749>:0 
   --- End of inner exception stack trace ---
  at System.Reflection.MonoMethod.Invoke (System.Object obj, System.Reflection.BindingFlags invokeAttr, System.Reflection.Binder binder, System.Object[] parameters, System.Globalization.CultureInfo culture) [0x00048] in <695d1cc93cca45069c528c15c9fdd749>:0 
  at System.Reflection.MethodBase.Invoke (System.Object obj, System.Object[] parameters) [0x00000] in <695d1cc93cca45069c528c15c9fdd749>:0 
  at UnityEditor.EditorAssemblies.ProcessInitializeOnLoadMethodAttributes () [0x00047] in <ef3b6bf002d8435a97b4e938f6c49b02>:0 
UnityEngine.StackTraceUtility:ExtractStackTrace ()
UnityEngine.DebugLogHandler:LogFormat (UnityEngine.LogType,UnityEngine.Object,string,object[])
UnityEngine.Logger:Log (UnityEngine.LogType,object)
UnityEngine.Debug:LogError (object)
UnityEditor.EditorAssemblies:ProcessInitializeOnLoadMethodAttributes ()

Mono: successfully reloaded assembly
- Completed reload, in  1.169 seconds
Domain Reload Profiling:
	ReloadAssembly (1170ms)
		BeginReloadAssembly (106ms)
			ExecutionOrderSort (0ms)
			DisableScriptedObjects (3ms)
			BackupInstance (0ms)
			ReleaseScriptingObjects (0ms)
			CreateAndSetChildDomain (16ms)
		EndReloadAssembly (1013ms)
			LoadAssemblies (78ms)
			RebuildTransferFunctionScriptingTraits (0ms)
			SetupTypeCache (269ms)
			ReleaseScriptCaches (1ms)
			RebuildScriptCaches (51ms)
			SetupLoadedEditorAssemblies (511ms)
				LogAssemblyErrors (0ms)
				InitializePlatformSupportModulesInManaged (3ms)
				SetLoadedEditorAssemblies (0ms)
				RefreshPlugins (72ms)
				BeforeProcessingInitializeOnLoad (89ms)
				ProcessInitializeOnLoadAttributes (301ms)
				ProcessInitializeOnLoadMethodAttributes (42ms)
				AfterProcessingInitializeOnLoad (4ms)
				EditorAssembliesLoaded (0ms)
			ExecutionOrderSort2 (0ms)
			AwakeInstancesAfterBackupRestoration (4ms)
Platform modules already initialized, skipping
========================================================================
Worker process is ready to serve import requests
Launched and connected shader compiler UnityShaderCompiler.exe after 0.05 seconds
Refreshing native plugins compatible for Editor in 2.74 ms, found 19 plugins.
Preloading 3 native plugins for Editor in 0.26 ms.
Unloading 3602 Unused Serialized files (Serialized files now loaded: 0)
System memory in use before: 141.0 MB.
System memory in use after: 141.1 MB.

Unloading 142 unused Assets to reduce memory usage. Loaded Objects now: 3952.
Total: 6.776700 ms (FindLiveObjects: 0.329900 ms CreateObjectMapping: 0.134600 ms MarkObjects: 6.141900 ms  DeleteObjects: 0.168100 ms)

AssetImportParameters requested are different than current active one (requested -> active):
  custom:framework-win-MediaFoundation: 216162199b28c13a410421893ffa2e32 -> 
  custom:video-decoder-ogg-theora: a1e56fd34408186e4bbccfd4996cb3dc -> 
  custom:container-muxer-webm: aa71ff27fc2769a1b78a27578f13a17b -> 
  custom:container-demuxer-webm: 4f35f7cbe854078d1ac9338744f61a02 -> 
  custom:container-demuxer-ogg: 62fdf1f143b41e24485cea50d1cbac27 -> 
  custom:video-encoder-webm-vp8: eb34c28f22e8b96e1ab97ce403110664 -> 
  custom:video-codec-MediaFoundation-h265: 746d11721c4dcdbdad8f713fa42b33f4 -> 
  custom:video-decoder-webm-vp8: 9c59270c3fd7afecdb556c50c9e8de78 -> 
  custom:audio-decoder-ogg-vorbis: bf7c407c2cedff20999df2af8eb42d56 -> 
  custom:audio-encoder-webm-vorbis: bf7c407c2cedff20999df2af8eb42d56 -> 
========================================================================
Received Import Request.
  path: Assets/ADG_Textures/ground_vol1/ground2/ground2_Height.tga
  artifactKey: Guid(cb74fa1f447a9ed4baf1d1bce2326844) Importer(815301076,1909f56bfc062723c751e8b465ee728b)
Start importing Assets/ADG_Textures/ground_vol1/ground2/ground2_Height.tga using Guid(cb74fa1f447a9ed4baf1d1bce2326844) Importer(815301076,1909f56bfc062723c751e8b465ee728b)  -> (artifact id: 'c212c850bb93747c1b2f9833ad502db7') in 0.059503 seconds 
  Import took 0.065012 seconds .

========================================================================
Received Import Request.
  Time since last request: 0.000236 seconds.
  path: Assets/ADG_Textures/ground_vol1/ground2/ground2_Metallic.tga
  artifactKey: Guid(05ec23c4c1d2ad54eaebfd0bf25af051) Importer(815301076,1909f56bfc062723c751e8b465ee728b)
Start importing Assets/ADG_Textures/ground_vol1/ground2/ground2_Metallic.tga using Guid(05ec23c4c1d2ad54eaebfd0bf25af051) Importer(815301076,1909f56bfc062723c751e8b465ee728b)  -> (artifact id: '9481a547b30a2bde6c74e7d9e0ed85d8') in 0.011527 seconds 
  Import took 0.016566 seconds .

========================================================================
Received Import Request.
  Time since last request: 0.000184 seconds.
  path: Assets/ADG_Textures/ground_vol1/ground2/ground2_Ambient_Occlusion.tga
  artifactKey: Guid(cbfdc0c455424e84c94f238e9b9382ec) Importer(815301076,1909f56bfc062723c751e8b465ee728b)
Start importing Assets/ADG_Textures/ground_vol1/ground2/ground2_Ambient_Occlusion.tga using Guid(cbfdc0c455424e84c94f238e9b9382ec) Importer(815301076,1909f56bfc062723c751e8b465ee728b)  -> (artifact id: '6f606189467475065623520535dfcc14') in 0.016306 seconds 
  Import took 0.021781 seconds .

========================================================================
Received Import Request.
  Time since last request: 0.000166 seconds.
  path: Assets/ADG_Textures/ground_vol1/ground2/ground2_Normal.tga
  artifactKey: Guid(f3b2a952874cda74583658ed78a08ef2) Importer(815301076,1909f56bfc062723c751e8b465ee728b)
Start importing Assets/ADG_Textures/ground_vol1/ground2/ground2_Normal.tga using Guid(f3b2a952874cda74583658ed78a08ef2) Importer(815301076,1909f56bfc062723c751e8b465ee728b)  -> (artifact id: 'dde371e2f4a83c5d29a50b20609ace2c') in 0.042377 seconds 
  Import took 0.047289 seconds .

========================================================================
Received Import Request.
  Time since last request: 0.000202 seconds.
  path: Assets/ADG_Textures/ground_vol1/ground2/ground2_Diffuse.tga
  artifactKey: Guid(ef1fbc9bae2718d4a8dbe2baaa01399c) Importer(815301076,1909f56bfc062723c751e8b465ee728b)
Start importing Assets/ADG_Textures/ground_vol1/ground2/ground2_Diffuse.tga using Guid(ef1fbc9bae2718d4a8dbe2baaa01399c) Importer(815301076,1909f56bfc062723c751e8b465ee728b)  -> (artifact id: '35b1847cc708f5ae29670cb9e4b3e36a') in 0.015586 seconds 
  Import took 0.020672 seconds .

========================================================================
Received Import Request.
  Time since last request: 0.000230 seconds.
  path: Assets/ADG_Textures/ground_vol1/ground2
  artifactKey: Guid(568f9eb5b58991e4f8d06973df6e539a) Importer(815301076,1909f56bfc062723c751e8b465ee728b)
Start importing Assets/ADG_Textures/ground_vol1/ground2 using Guid(568f9eb5b58991e4f8d06973df6e539a) Importer(815301076,1909f56bfc062723c751e8b465ee728b)  -> (artifact id: '65fcd89309532b272a369ca40391ebce') in 0.006286 seconds 
  Import took 0.011264 seconds .

========================================================================
Received Import Request.
  Time since last request: 0.000151 seconds.
  path: Assets/ADG_Textures/ground_vol1/ground2/ground2.mat
  artifactKey: Guid(88d4b65b6d484a1459f780db4b3edd0d) Importer(815301076,1909f56bfc062723c751e8b465ee728b)
Start importing Assets/ADG_Textures/ground_vol1/ground2/ground2.mat using Guid(88d4b65b6d484a1459f780db4b3edd0d) Importer(815301076,1909f56bfc062723c751e8b465ee728b)  -> (artifact id: 'e76ee15af94956248637182491ae3b5f') in 0.232674 seconds 
  Import took 0.237818 seconds .

========================================================================
Received Import Request.
  Time since last request: 0.000270 seconds.
  path: Assets/ADG_Textures
  artifactKey: Guid(af50d5d312fc7414cad2ca2191e9536e) Importer(815301076,1909f56bfc062723c751e8b465ee728b)
Start importing Assets/ADG_Textures using Guid(af50d5d312fc7414cad2ca2191e9536e) Importer(815301076,1909f56bfc062723c751e8b465ee728b)  -> (artifact id: '568600a4a9ca14e73f5825131950b2f5') in 0.005283 seconds 
  Import took 0.010496 seconds .

========================================================================
Received Import Request.
  Time since last request: 0.000145 seconds.
  path: Assets/ADG_Textures/ground_vol1
  artifactKey: Guid(feb862146f8ee684c998cb438859dafb) Importer(815301076,1909f56bfc062723c751e8b465ee728b)
Start importing Assets/ADG_Textures/ground_vol1 using Guid(feb862146f8ee684c998cb438859dafb) Importer(815301076,1909f56bfc062723c751e8b465ee728b)  -> (artifact id: '87018a1989438d9b7159573e0fba60c4') in 0.004507 seconds 
  Import took 0.009437 seconds .

========================================================================
Received Import Request.
  Time since last request: 10.279884 seconds.
  path: Assets/ProjectRhizome
  artifactKey: Guid(fc532356c7da14543b7b65a3ee9e8e74) Importer(815301076,1909f56bfc062723c751e8b465ee728b)
Start importing Assets/ProjectRhizome using Guid(fc532356c7da14543b7b65a3ee9e8e74) Importer(815301076,1909f56bfc062723c751e8b465ee728b)  -> (artifact id: '1ae98397e8020832caac099147e098fd') in 0.004750 seconds 
  Import took 0.010243 seconds .

========================================================================
Received Import Request.
  Time since last request: 1.671164 seconds.
  path: Assets
  artifactKey: Guid(00000000000000001000000000000000) Importer(815301076,1909f56bfc062723c751e8b465ee728b)
Start importing Assets using Guid(00000000000000001000000000000000) Importer(815301076,1909f56bfc062723c751e8b465ee728b)  -> (artifact id: '42d402b061de3733987d63b9cc3b64de') in 0.009351 seconds 
  Import took 0.017778 seconds .

========================================================================
Received Import Request.
  Time since last request: 11.531367 seconds.
  path: Assets/Scenes
  artifactKey: Guid(0cc1b79de78bc4991892d4d342d7211a) Importer(815301076,1909f56bfc062723c751e8b465ee728b)
Start importing Assets/Scenes using Guid(0cc1b79de78bc4991892d4d342d7211a) Importer(815301076,1909f56bfc062723c751e8b465ee728b)  -> (artifact id: '1a2b783607780ab52c781c33bee8514e') in 0.006326 seconds 
  Import took 0.012499 seconds .

========================================================================
Received Import Request.
  Time since last request: 1.338251 seconds.
  path: Assets/Scenes/Game.unity
  artifactKey: Guid(495f0a565474f43cbbff23b2a92ac288) Importer(815301076,1909f56bfc062723c751e8b465ee728b)
Start importing Assets/Scenes/Game.unity using Guid(495f0a565474f43cbbff23b2a92ac288) Importer(815301076,1909f56bfc062723c751e8b465ee728b)  -> (artifact id: 'a09b1828c1182ec1c02a2e204cf720c0') in 0.007184 seconds 
  Import took 0.012265 seconds .

========================================================================
Received Import Request.
  Time since last request: 1.759688 seconds.
  path: Assets/Scenes/Title.unity
  artifactKey: Guid(03b741b126322443ea92241f4b3edf9e) Importer(815301076,1909f56bfc062723c751e8b465ee728b)
Start importing Assets/Scenes/Title.unity using Guid(03b741b126322443ea92241f4b3edf9e) Importer(815301076,1909f56bfc062723c751e8b465ee728b)  -> (artifact id: '4091d234174895b893d08daa77f35248') in 0.005415 seconds 
  Import took 0.011187 seconds .

========================================================================
Received Import Request.
  Time since last request: 253.018989 seconds.
  path: Assets/Sound/234_Lush_World.mp3
  artifactKey: Guid(9e63a6a525707904d99bc81d9b172189) Importer(815301076,1909f56bfc062723c751e8b465ee728b)
Start importing Assets/Sound/234_Lush_World.mp3 using Guid(9e63a6a525707904d99bc81d9b172189) Importer(815301076,1909f56bfc062723c751e8b465ee728b)  -> (artifact id: '9f94986af7c7eaae23fdda16206e20c5') in 0.051571 seconds 
  Import took 0.059030 seconds .

========================================================================
Received Import Request.
  Time since last request: 25.984672 seconds.
  path: Assets/Plugins/FMOD/Resources/FMODStudioSettings 2.asset
  artifactKey: Guid(f884fc075d66946edb4ec7d8f080ebc5) Importer(815301076,1909f56bfc062723c751e8b465ee728b)
Start importing Assets/Plugins/FMOD/Resources/FMODStudioSettings 2.asset using Guid(f884fc075d66946edb4ec7d8f080ebc5) Importer(815301076,1909f56bfc062723c751e8b465ee728b)  -> (artifact id: '279c1575020c0b5b270d3c2cf16b0265') in 0.039967 seconds 
  Import took 0.046971 seconds .

========================================================================
Received Import Request.
  Time since last request: 0.000210 seconds.
  path: Assets/Plugins/FMOD/Resources/FMODStudioSettings.asset
  artifactKey: Guid(62397313f3b6b483ea3ef069cacad802) Importer(815301076,1909f56bfc062723c751e8b465ee728b)
Start importing Assets/Plugins/FMOD/Resources/FMODStudioSettings.asset using Guid(62397313f3b6b483ea3ef069cacad802) Importer(815301076,1909f56bfc062723c751e8b465ee728b)  -> (artifact id: '81166caa2f0ba38aa0ad355af96027ab') in 0.007048 seconds 
  Import took 0.012352 seconds .

========================================================================
Received Import Request.
  Time since last request: 4.895438 seconds.
  path: Assets/Plugins/FMOD/FMODUnity.asmdef
  artifactKey: Guid(0c752da273b17c547ae705acf0f2adf2) Importer(815301076,1909f56bfc062723c751e8b465ee728b)
Start importing Assets/Plugins/FMOD/FMODUnity.asmdef using Guid(0c752da273b17c547ae705acf0f2adf2) Importer(815301076,1909f56bfc062723c751e8b465ee728b)  -> (artifact id: 'd68220e79bb70b810607b171c8a0243b') in 0.005572 seconds 
  Import took 0.010858 seconds .

========================================================================
Received Import Request.
  Time since last request: 6.698563 seconds.
  path: Assets/Plugins/FMOD/src/FMODEventTrack.cs
  artifactKey: Guid(133253f56854570409c222a87786b263) Importer(815301076,1909f56bfc062723c751e8b465ee728b)
Start importing Assets/Plugins/FMOD/src/FMODEventTrack.cs using Guid(133253f56854570409c222a87786b263) Importer(815301076,1909f56bfc062723c751e8b465ee728b)  -> (artifact id: '27a2fecb8a6d87a3d4626b1fc07109ae') in 0.031975 seconds 
  Import took 0.037888 seconds .

========================================================================
Received Import Request.
  Time since last request: 18.067586 seconds.
  path: Assets/Plugins/FMOD
  artifactKey: Guid(06ae579381df01a4a87bb149dec89954) Importer(815301076,1909f56bfc062723c751e8b465ee728b)
Start importing Assets/Plugins/FMOD using Guid(06ae579381df01a4a87bb149dec89954) Importer(815301076,1909f56bfc062723c751e8b465ee728b)  -> (artifact id: '335445ea01a2315fa278511dfd7e4f41') in 0.004778 seconds 
  Import took 0.010962 seconds .

========================================================================
Received Import Request.
  Time since last request: 0.000263 seconds.
  path: Assets/Plugins/FMOD
  artifactKey: Guid(06ae579381df01a4a87bb149dec89954) Importer(815301076,1909f56bfc062723c751e8b465ee728b)
Start importing Assets/Plugins/FMOD using Guid(06ae579381df01a4a87bb149dec89954) Importer(815301076,1909f56bfc062723c751e8b465ee728b)  -> (artifact id: '335445ea01a2315fa278511dfd7e4f41') in 0.002089 seconds 
  Import took 0.008362 seconds .

========================================================================
Received Import Request.
  Time since last request: 3.272294 seconds.
  path: Assets/Plugins/FMOD/src
  artifactKey: Guid(2994e348941404549b266423c2ac329f) Importer(815301076,1909f56bfc062723c751e8b465ee728b)
Start importing Assets/Plugins/FMOD/src using Guid(2994e348941404549b266423c2ac329f) Importer(815301076,1909f56bfc062723c751e8b465ee728b)  -> (artifact id: '1e602ef9ed5600d70361699ccb694fc9') in 0.005347 seconds 
  Import took 0.010797 seconds .

========================================================================
Received Import Request.
  Time since last request: 75.381545 seconds.
  path: Assets/Plugins/FMOD/Cache/Editor/FMODStudioCache.asset
  artifactKey: Guid(bf312d3e9eeb043d7a674bff11b7c9dd) Importer(815301076,1909f56bfc062723c751e8b465ee728b)
Start importing Assets/Plugins/FMOD/Cache/Editor/FMODStudioCache.asset using Guid(bf312d3e9eeb043d7a674bff11b7c9dd) Importer(815301076,1909f56bfc062723c751e8b465ee728b)  -> (artifact id: '1abfb98a7a5d5daa89bea37191fff2c4') in 0.011663 seconds 
  Import took 0.016959 seconds .

========================================================================
Received Import Request.
  Time since last request: 0.000182 seconds.
  path: Assets/BOXOPHOBIC/Skybox Cubemap Extended/Core/Editor/Boxophobic.SkyboxCubemapExtended.Editor.asmdef
  artifactKey: Guid(29bc400970c5066438cbde7676418b75) Importer(815301076,1909f56bfc062723c751e8b465ee728b)
Start importing Assets/BOXOPHOBIC/Skybox Cubemap Extended/Core/Editor/Boxophobic.SkyboxCubemapExtended.Editor.asmdef using Guid(29bc400970c5066438cbde7676418b75) Importer(815301076,1909f56bfc062723c751e8b465ee728b)  -> (artifact id: '8774317e9f72d4fe13880fe5d6f35105') in 0.005036 seconds 
  Import took 0.010818 seconds .

========================================================================
Received Import Request.
  Time since last request: 0.000193 seconds.
  path: Assets/Prefabs/RopeFence.fbx.prefab
  artifactKey: Guid(084f4f1ef9145a44d9a7e057463cc81d) Importer(815301076,1909f56bfc062723c751e8b465ee728b)
Start importing Assets/Prefabs/RopeFence.fbx.prefab using Guid(084f4f1ef9145a44d9a7e057463cc81d) Importer(815301076,1909f56bfc062723c751e8b465ee728b)  -> (artifact id: '05ad61a9696a5c496cb709953f0b5a12') in 0.056010 seconds 
  Import took 0.061420 seconds .

========================================================================
Received Import Request.
  Time since last request: 0.000180 seconds.
  path: Assets/BOXOPHOBIC/Utils/Editor/Boxophobic.Utils.Editor.asmdef
  artifactKey: Guid(10f1dd4cfd6afb54da274d7d818bd8f6) Importer(815301076,1909f56bfc062723c751e8b465ee728b)
Start importing Assets/BOXOPHOBIC/Utils/Editor/Boxophobic.Utils.Editor.asmdef using Guid(10f1dd4cfd6afb54da274d7d818bd8f6) Importer(815301076,1909f56bfc062723c751e8b465ee728b)  -> (artifact id: '8b3e5546ec722005aeb9692b420c86b0') in 0.005458 seconds 
  Import took 0.010349 seconds .

========================================================================
Received Import Request.
  Time since last request: 0.000219 seconds.
  path: Assets/External Assets/BrokenVector/LowPolyFencePack/Models/Fence Type3 Door.fbx
  artifactKey: Guid(d70931b351fe10a45a0bfc07fd362a1b) Importer(815301076,1909f56bfc062723c751e8b465ee728b)
Start importing Assets/External Assets/BrokenVector/LowPolyFencePack/Models/Fence Type3 Door.fbx using Guid(d70931b351fe10a45a0bfc07fd362a1b) Importer(815301076,1909f56bfc062723c751e8b465ee728b)  -> (artifact id: '4eb3de9b56f187b5dfa5367735360338') in 0.085462 seconds 
  Import took 0.090913 seconds .

========================================================================
Received Import Request.
  Time since last request: 0.000221 seconds.
  path: Assets/External Assets/BrokenVector/LowPolyFencePack/Models/Fence Type2 Door.fbx
  artifactKey: Guid(919734941a900d24090f2925025373f2) Importer(815301076,1909f56bfc062723c751e8b465ee728b)
Start importing Assets/External Assets/BrokenVector/LowPolyFencePack/Models/Fence Type2 Door.fbx using Guid(919734941a900d24090f2925025373f2) Importer(815301076,1909f56bfc062723c751e8b465ee728b)  -> (artifact id: 'fcf1a3ae75be668c5ee5eaa7ffababe8') in 0.030108 seconds 
  Import took 0.037693 seconds .

========================================================================
Received Import Request.
  Time since last request: 0.000158 seconds.
  path: Assets/rope-fence/source/RopeFence.fbx.fbx
  artifactKey: Guid(207d4332e30494f9ca15d96b11fca7a1) Importer(815301076,1909f56bfc062723c751e8b465ee728b)
Start importing Assets/rope-fence/source/RopeFence.fbx.fbx using Guid(207d4332e30494f9ca15d96b11fca7a1) Importer(815301076,1909f56bfc062723c751e8b465ee728b)  -> (artifact id: 'd88022d971a7429167fceed79c8fe91e') in 0.038320 seconds 
  Import took 0.043879 seconds .

========================================================================
Received Import Request.
  Time since last request: 0.000158 seconds.
  path: Assets/External Assets/BrokenVector/LowPolyFencePack/Models/Fence Type1 Door.fbx
  artifactKey: Guid(3bd29fe4ed3569940ac7518a56a0adfe) Importer(815301076,1909f56bfc062723c751e8b465ee728b)
Start importing Assets/External Assets/BrokenVector/LowPolyFencePack/Models/Fence Type1 Door.fbx using Guid(3bd29fe4ed3569940ac7518a56a0adfe) Importer(815301076,1909f56bfc062723c751e8b465ee728b)  -> (artifact id: '727c1d2ed924b2a0aa08d348b68396b1') in 0.024791 seconds 
  Import took 0.030172 seconds .

========================================================================
Received Import Request.
  Time since last request: 0.000211 seconds.
  path: Assets/Materials/everytexture.com-stock-nature-sand-00026-1024x768.jpg
  artifactKey: Guid(707af66d03d9f44308e238102407abb2) Importer(815301076,1909f56bfc062723c751e8b465ee728b)
Start importing Assets/Materials/everytexture.com-stock-nature-sand-00026-1024x768.jpg using Guid(707af66d03d9f44308e238102407abb2) Importer(815301076,1909f56bfc062723c751e8b465ee728b)  -> (artifact id: '25072b351a8274f73e1c4bd3e5f7a90c') in 0.034731 seconds 
  Import took 0.039899 seconds .

========================================================================
Received Import Request.
  Time since last request: 0.000279 seconds.
  path: Assets/BOXOPHOBIC/Utils/Scripts/Boxophobic.Utils.Scripts.asmdef
  artifactKey: Guid(825ad574da7360d4e8aea558f272972e) Importer(815301076,1909f56bfc062723c751e8b465ee728b)
Start importing Assets/BOXOPHOBIC/Utils/Scripts/Boxophobic.Utils.Scripts.asmdef using Guid(825ad574da7360d4e8aea558f272972e) Importer(815301076,1909f56bfc062723c751e8b465ee728b)  -> (artifact id: '1027abe34e66269a28f3295959c444cf') in 0.005006 seconds 
  Import took 0.010280 seconds .

========================================================================
Received Import Request.
  Time since last request: 10.764348 seconds.
  path: Packages/com.unity.collab-proxy/Editor/Collaborate/EditorGameService/SettingsProviderVisuals/UXML/CollabProjectSettingsDisabled.uxml
  artifactKey: Guid(4e24487a7d7704dd89983851b8b09a7f) Importer(815301076,1909f56bfc062723c751e8b465ee728b)
Start importing Packages/com.unity.collab-proxy/Editor/Collaborate/EditorGameService/SettingsProviderVisuals/UXML/CollabProjectSettingsDisabled.uxml using Guid(4e24487a7d7704dd89983851b8b09a7f) Importer(815301076,1909f56bfc062723c751e8b465ee728b)  -> (artifact id: '6faf54612b95ec92f11078553d3f83ca') in 0.017447 seconds 
  Import took 0.023803 seconds .

========================================================================
Received Import Request.
  Time since last request: 0.000189 seconds.
  path: Assets/Materials/CornerProjectile.mat
  artifactKey: Guid(41d6a818f281f41419e8703ab269c52d) Importer(815301076,1909f56bfc062723c751e8b465ee728b)
Start importing Assets/Materials/CornerProjectile.mat using Guid(41d6a818f281f41419e8703ab269c52d) Importer(815301076,1909f56bfc062723c751e8b465ee728b)  -> (artifact id: 'f8adec140595d445228579aa970cf48b') in 0.010961 seconds 
  Import took 0.016358 seconds .

========================================================================
Received Import Request.
  Time since last request: 0.000169 seconds.
  path: Packages/com.unity.services.core/Editor/Core/ServiceActivationPopup/Visuals/UXML/ProjectBind.uxml
  artifactKey: Guid(34a515e0b66514bf88decc9c49d31e76) Importer(815301076,1909f56bfc062723c751e8b465ee728b)
Start importing Packages/com.unity.services.core/Editor/Core/ServiceActivationPopup/Visuals/UXML/ProjectBind.uxml using Guid(34a515e0b66514bf88decc9c49d31e76) Importer(815301076,1909f56bfc062723c751e8b465ee728b)  -> (artifact id: '5fa94b51ad661f2a137845764835b142') in 0.006829 seconds 
  Import took 0.012209 seconds .

========================================================================
Received Import Request.
  Time since last request: 0.000307 seconds.
  path: Packages/com.unity.collab-proxy/Editor/Collaborate/EditorGameService/SettingsProviderVisuals/UXML/CollabProjectSettingsEnabled.uxml
  artifactKey: Guid(c1d9e7d786a3841e7858003b3515bbac) Importer(815301076,1909f56bfc062723c751e8b465ee728b)
Start importing Packages/com.unity.collab-proxy/Editor/Collaborate/EditorGameService/SettingsProviderVisuals/UXML/CollabProjectSettingsEnabled.uxml using Guid(c1d9e7d786a3841e7858003b3515bbac) Importer(815301076,1909f56bfc062723c751e8b465ee728b)  -> (artifact id: 'af6827b8ceecf3c18613b0746c60f64f') in 0.006890 seconds 
  Import took 0.012471 seconds .

========================================================================
Received Import Request.
  Time since last request: 0.000299 seconds.
  path: Packages/com.unity.collab-proxy/Editor/Collaborate/EditorGameService/SettingsProviderVisuals/USS/ServicesProjectSettingsCommon.uss
  artifactKey: Guid(4324e2e7d76c7448096a033e3c2c6b0f) Importer(815301076,1909f56bfc062723c751e8b465ee728b)
Start importing Packages/com.unity.collab-proxy/Editor/Collaborate/EditorGameService/SettingsProviderVisuals/USS/ServicesProjectSettingsCommon.uss using Guid(4324e2e7d76c7448096a033e3c2c6b0f) Importer(815301076,1909f56bfc062723c751e8b465ee728b)  -> (artifact id: '4ace6b43ed828cc35f9f1223ee96c537') in 0.010731 seconds 
  Import took 0.016801 seconds .

========================================================================
Received Import Request.
  Time since last request: 0.000197 seconds.
  path: Packages/com.unity.services.core/Editor/Core/EditorGameService/USS/ServicesProjectSettingsDark.uss
  artifactKey: Guid(8d3c945b112744efda5b766100f90895) Importer(815301076,1909f56bfc062723c751e8b465ee728b)
Start importing Packages/com.unity.services.core/Editor/Core/EditorGameService/USS/ServicesProjectSettingsDark.uss using Guid(8d3c945b112744efda5b766100f90895) Importer(815301076,1909f56bfc062723c751e8b465ee728b)  -> (artifact id: '597228a491977cc25642afe544f4f686') in 0.005909 seconds 
  Import took 0.012078 seconds .

========================================================================
Received Import Request.
  Time since last request: 0.000238 seconds.
  path: Assets/External Assets/ExampleAssets/Tutorial/VRTutorialProjectSettings.asset
  artifactKey: Guid(76b4acc4d12394f60a5accbec43ae2a7) Importer(815301076,1909f56bfc062723c751e8b465ee728b)
Start importing Assets/External Assets/ExampleAssets/Tutorial/VRTutorialProjectSettings.asset using Guid(76b4acc4d12394f60a5accbec43ae2a7) Importer(815301076,1909f56bfc062723c751e8b465ee728b)  -> (artifact id: '38a1b27bc94a34bf817f413d8bce5db5') in 0.019102 seconds 
  Import took 0.025535 seconds .

========================================================================
Received Import Request.
  Time since last request: 0.000200 seconds.
  path: Packages/com.unity.services.core/Editor/Core/EditorGameService/USS/ServicesProjectSettingsLight.uss
  artifactKey: Guid(ebe4630c4fee24fa99c02c62897bfcb9) Importer(815301076,1909f56bfc062723c751e8b465ee728b)
Start importing Packages/com.unity.services.core/Editor/Core/EditorGameService/USS/ServicesProjectSettingsLight.uss using Guid(ebe4630c4fee24fa99c02c62897bfcb9) Importer(815301076,1909f56bfc062723c751e8b465ee728b)  -> (artifact id: '724681f4daaf7434df7c5a97e94b92c1') in 0.005938 seconds 
  Import took 0.011520 seconds .

========================================================================
Received Import Request.
  Time since last request: 0.000171 seconds.
  path: Packages/com.unity.services.core/Editor/Core/UiHelpers/UXML/ProjectSettingsCommonHeader.uxml
  artifactKey: Guid(d93845e99ca3b42d0aecd4ab938a1342) Importer(815301076,1909f56bfc062723c751e8b465ee728b)
Start importing Packages/com.unity.services.core/Editor/Core/UiHelpers/UXML/ProjectSettingsCommonHeader.uxml using Guid(d93845e99ca3b42d0aecd4ab938a1342) Importer(815301076,1909f56bfc062723c751e8b465ee728b)  -> (artifact id: '645659f2679893c7cdf0d73e5e37f6ee') in 0.006408 seconds 
  Import took 0.012668 seconds .

========================================================================
Received Import Request.
  Time since last request: 0.000186 seconds.
  path: Assets/Artifact Images/CornerNotchedProjectilePoint-2.dae
  artifactKey: Guid(48e2f0df94bd941bf839b0248b6a1a56) Importer(815301076,1909f56bfc062723c751e8b465ee728b)
Start importing Assets/Artifact Images/CornerNotchedProjectilePoint-2.dae using Guid(48e2f0df94bd941bf839b0248b6a1a56) Importer(815301076,1909f56bfc062723c751e8b465ee728b)  -> (artifact id: '5f57ea6e095760bda47f32f1f309e13a') in 0.018351 seconds 
  Import took 0.025766 seconds .

========================================================================
Received Import Request.
  Time since last request: 0.000236 seconds.
  path: Packages/com.unity.services.core/Editor/Core/ServiceActivationPopup/Visuals/UXML/ProjectBindingAndUserRequest.uxml
  artifactKey: Guid(3e6589b4ba48d4119ac83b70fa2f7c47) Importer(815301076,1909f56bfc062723c751e8b465ee728b)
Start importing Packages/com.unity.services.core/Editor/Core/ServiceActivationPopup/Visuals/UXML/ProjectBindingAndUserRequest.uxml using Guid(3e6589b4ba48d4119ac83b70fa2f7c47) Importer(815301076,1909f56bfc062723c751e8b465ee728b)  -> (artifact id: 'b6b2c9b36ad7301e2f9d710ec6ce1484') in 0.007546 seconds 
  Import took 0.013342 seconds .

========================================================================
Received Import Request.
  Time since last request: 0.000201 seconds.
  path: Packages/com.unity.services.core/Editor/Core/EditorGameService/USS/ServicesProjectSettingsCommon.uss
  artifactKey: Guid(5b82a86adaaeb4c0786b09f4f5b9065a) Importer(815301076,1909f56bfc062723c751e8b465ee728b)
Start importing Packages/com.unity.services.core/Editor/Core/EditorGameService/USS/ServicesProjectSettingsCommon.uss using Guid(5b82a86adaaeb4c0786b09f4f5b9065a) Importer(815301076,1909f56bfc062723c751e8b465ee728b)  -> (artifact id: '4d3d69a2b727424dc66351c59b6d7841') in 0.002468 seconds 
  Import took 0.007260 seconds .

========================================================================
Received Import Request.
  Time since last request: 0.000184 seconds.
  path: Assets/External Assets/ExampleAssets/Tutorial/Images/project-header-vr.png
  artifactKey: Guid(6eaf09dd6cc8a49708bf60691e32bebf) Importer(815301076,1909f56bfc062723c751e8b465ee728b)
Start importing Assets/External Assets/ExampleAssets/Tutorial/Images/project-header-vr.png using Guid(6eaf09dd6cc8a49708bf60691e32bebf) Importer(815301076,1909f56bfc062723c751e8b465ee728b)  -> (artifact id: 'cbb8f8c7924beb22a8d7bdb4d5e7d572') in 0.013659 seconds 
  Import took 0.019266 seconds .

========================================================================
Received Import Request.
  Time since last request: 0.002661 seconds.
  path: Assets/External Assets/ExampleAssets/Tutorial/Images/project-header-vr.png
  artifactKey: Guid(6eaf09dd6cc8a49708bf60691e32bebf) Importer(815301076,1909f56bfc062723c751e8b465ee728b)
Start importing Assets/External Assets/ExampleAssets/Tutorial/Images/project-header-vr.png using Guid(6eaf09dd6cc8a49708bf60691e32bebf) Importer(815301076,1909f56bfc062723c751e8b465ee728b)  -> (artifact id: 'cbb8f8c7924beb22a8d7bdb4d5e7d572') in 0.008481 seconds 
  Import took 0.014554 seconds .

========================================================================
Received Import Request.
  Time since last request: 95.049567 seconds.
  path: Assets/Scripts/SpawnManager.cs
  artifactKey: Guid(91bb852ea27f24af19e149d3e0109c3c) Importer(815301076,1909f56bfc062723c751e8b465ee728b)
Start importing Assets/Scripts/SpawnManager.cs using Guid(91bb852ea27f24af19e149d3e0109c3c) Importer(815301076,1909f56bfc062723c751e8b465ee728b)  -> (artifact id: 'ccfa3fe5f4ce46e51a8a17811ef825c5') in 0.005800 seconds 
  Import took 0.012200 seconds .

========================================================================
Received Import Request.
  Time since last request: 25.014556 seconds.
  path: Assets/Scripts/SpawnCubes.cs
  artifactKey: Guid(8d9470885f9bf4c3d9141070fcd41cf0) Importer(815301076,1909f56bfc062723c751e8b465ee728b)
Start importing Assets/Scripts/SpawnCubes.cs using Guid(8d9470885f9bf4c3d9141070fcd41cf0) Importer(815301076,1909f56bfc062723c751e8b465ee728b)  -> (artifact id: 'd35d7f4c08f50e19cb12e67a92da96da') in 0.006882 seconds 
  Import took 0.012173 seconds .

========================================================================
Received Import Request.
  Time since last request: 11.113198 seconds.
  path: Assets/Prefabs/ArcheologyPhone.dae
  artifactKey: Guid(2d1b06bb639b44e78961ac2e5a5c4c06) Importer(815301076,1909f56bfc062723c751e8b465ee728b)
Start importing Assets/Prefabs/ArcheologyPhone.dae using Guid(2d1b06bb639b44e78961ac2e5a5c4c06) Importer(815301076,1909f56bfc062723c751e8b465ee728b)  -> (artifact id: 'e5abf3d0ae0418357bdac61ae6338eea') in 0.048787 seconds 
  Import took 0.053887 seconds .

========================================================================
Received Import Request.
  Time since last request: 0.000164 seconds.
  path: Assets/Prefabs/Glass Case.prefab
  artifactKey: Guid(382e8e3f83aef1b40a5654a0bf53e756) Importer(815301076,1909f56bfc062723c751e8b465ee728b)
Start importing Assets/Prefabs/Glass Case.prefab using Guid(382e8e3f83aef1b40a5654a0bf53e756) Importer(815301076,1909f56bfc062723c751e8b465ee728b)  -> (artifact id: '83785304880de3f650248e8db7c055cc') in 0.073813 seconds 
  Import took 0.079171 seconds .

========================================================================
Received Import Request.
  Time since last request: 0.000148 seconds.
  path: Assets/Prefabs/GroundObj.prefab
  artifactKey: Guid(78ae15cd45313456c8f86604f2d045b1) Importer(815301076,1909f56bfc062723c751e8b465ee728b)
Start importing Assets/Prefabs/GroundObj.prefab using Guid(78ae15cd45313456c8f86604f2d045b1) Importer(815301076,1909f56bfc062723c751e8b465ee728b)  -> (artifact id: 'eb87dbd2952c83bc3bcaecae96391c57') in 0.091994 seconds 
  Import took 0.100980 seconds .

========================================================================
Received Import Request.
  Time since last request: 0.000195 seconds.
  path: Assets/Prefabs/Spawner.prefab
  artifactKey: Guid(68ce452c739314627a359ea04a974c32) Importer(815301076,1909f56bfc062723c751e8b465ee728b)
Start importing Assets/Prefabs/Spawner.prefab using Guid(68ce452c739314627a359ea04a974c32) Importer(815301076,1909f56bfc062723c751e8b465ee728b)  -> (artifact id: '1289d7eb7990bbe6228de9bc177229e5') in 0.009719 seconds 
  Import took 0.014850 seconds .

========================================================================
Received Prepare
Registering precompiled user dll's ...
Registered in 0.014648 seconds.
Begin MonoManager ReloadAssembly
The file 'MemoryStream' is corrupted! Remove it and launch unity again!
[Position out of bounds!]

Fatal Error! The file 'MemoryStream' is corrupted! Remove it and launch unity again!
[Position out of bounds!]

Crash!!!
SymInit: Symbol-SearchPath: 'C:/Users/horav/OneDrive/Desktop/Unity Games/2020.3.16f1/Editor/Data/Mono;.;C:\Users\horav\OneDrive\Desktop\Unity Games\ProjectRhizomeV2;C:\Users\horav\OneDrive\Desktop\Unity Games\2020.3.16f1\Editor;C:\Windows;C:\Windows\system32;SRV*C:\websymbols*http://msdl.microsoft.com/download/symbols;', symOptions: 534, UserName: 'horav'
OS-Version: 10.0.0
C:\Users\horav\OneDrive\Desktop\Unity Games\2020.3.16f1\Editor\Unity.exe:Unity.exe (00007FF6CAAB0000), size: 135028736 (result: 0), SymType: '-deferred-', PDB: '', fileVersion: 2020.3.16.40302
C:\Windows\SYSTEM32\ntdll.dll:ntdll.dll (00007FFC82AA0000), size: 2134016 (result: 0), SymType: '-deferred-', PDB: '', fileVersion: 10.0.22000.708
C:\Windows\System32\KERNEL32.DLL:KERNEL32.DLL (00007FFC811F0000), size: 774144 (result: 0), SymType: '-deferred-', PDB: '', fileVersion: 10.0.22000.708
C:\Windows\System32\KERNELBASE.dll:KERNELBASE.dll (00007FFC802D0000), size: 3641344 (result: 0), SymType: '-deferred-', PDB: '', fileVersion: 10.0.22000.708
C:\Windows\System32\CRYPT32.dll:CRYPT32.dll (00007FFC80160000), size: 1449984 (result: 0), SymType: '-deferred-', PDB: '', fileVersion: 10.0.22000.348
C:\Windows\System32\ucrtbase.dll:ucrtbase.dll (00007FFC80650000), size: 1118208 (result: 0), SymType: '-deferred-', PDB: '', fileVersion: 10.0.22000.1
C:\Windows\System32\USER32.dll:USER32.dll (00007FFC81040000), size: 1753088 (result: 0), SymType: '-deferred-', PDB: '', fileVersion: 10.0.22000.282
C:\Windows\System32\win32u.dll:win32u.dll (00007FFC7FF80000), size: 155648 (result: 0), SymType: '-deferred-', PDB: '', fileVersion: 10.0.22000.739
C:\Users\horav\OneDrive\Desktop\Unity Games\2020.3.16f1\Editor\OpenImageDenoise.dll:OpenImageDenoise.dll (00007FFB97B60000), size: 43806720 (result: 0), SymType: '-deferred-', PDB: ''
C:\Users\horav\OneDrive\Desktop\Unity Games\2020.3.16f1\Editor\libfbxsdk.dll:libfbxsdk.dll (00007FFBAB790000), size: 10215424 (result: 0), SymType: '-deferred-', PDB: '', fileVersion: 2020.2.0.0
C:\Users\horav\OneDrive\Desktop\Unity Games\2020.3.16f1\Editor\optix.6.0.0.dll:optix.6.0.0.dll (00007FFC64060000), size: 208896 (result: 0), SymType: '-deferred-', PDB: '', fileVersion: 6.0.0.0
C:\Windows\System32\GDI32.dll:GDI32.dll (00007FFC80C50000), size: 167936 (result: 0), SymType: '-deferred-', PDB: '', fileVersion: 10.0.22000.1
C:\Windows\System32\gdi32full.dll:gdi32full.dll (00007FFC80810000), size: 1122304 (result: 0), SymType: '-deferred-', PDB: '', fileVersion: 10.0.22000.708
C:\Windows\System32\ADVAPI32.dll:ADVAPI32.dll (00007FFC80A30000), size: 712704 (result: 0), SymType: '-deferred-', PDB: '', fileVersion: 10.0.22000.653
C:\Users\horav\OneDrive\Desktop\Unity Games\2020.3.16f1\Editor\umbraoptimizer64.dll:umbraoptimizer64.dll (00007FFBB14B0000), size: 1306624 (result: 0), SymType: '-deferred-', PDB: ''
C:\Windows\System32\msvcp_win.dll:msvcp_win.dll (00007FFC80770000), size: 643072 (result: 0), SymType: '-deferred-', PDB: '', fileVersion: 10.0.22000.1
C:\Windows\System32\msvcrt.dll:msvcrt.dll (00007FFC80D50000), size: 667648 (result: 0), SymType: '-deferred-', PDB: '', fileVersion: 7.0.22000.1
C:\Windows\System32\WS2_32.dll:WS2_32.dll (00007FFC80E00000), size: 454656 (result: 0), SymType: '-deferred-', PDB: '', fileVersion: 10.0.22000.1
C:\Windows\System32\SHELL32.dll:SHELL32.dll (00007FFC81CC0000), size: 8093696 (result: 0), SymType: '-deferred-', PDB: '', fileVersion: 10.0.22000.708
C:\Windows\System32\sechost.dll:sechost.dll (00007FFC80990000), size: 647168 (result: 0), SymType: '-deferred-', PDB: '', fileVersion: 10.0.22000.708
C:\Windows\System32\RPCRT4.dll:RPCRT4.dll (00007FFC81450000), size: 1179648 (result: 0), SymType: '-deferred-', PDB: '', fileVersion: 10.0.22000.675
C:\Windows\System32\SHLWAPI.dll:SHLWAPI.dll (00007FFC80930000), size: 380928 (result: 0), SymType: '-deferred-', PDB: '', fileVersion: 10.0.22000.1
C:\Windows\System32\WLDAP32.dll:WLDAP32.dll (00007FFC80B00000), size: 352256 (result: 0), SymType: '-deferred-', PDB: '', fileVersion: 10.0.22000.739
C:\Windows\System32\ole32.dll:ole32.dll (00007FFC828C0000), size: 1679360 (result: 0), SymType: '-deferred-', PDB: '', fileVersion: 10.0.22000.120
C:\Users\horav\OneDrive\Desktop\Unity Games\2020.3.16f1\Editor\FreeImage.dll:FreeImage.dll (0000000180000000), size: 6414336 (result: 0), SymType: '-deferred-', PDB: '', fileVersion: 3.18.0.0
C:\Windows\System32\Normaliz.dll:Normaliz.dll (00007FFC80AE0000), size: 32768 (result: 0), SymType: '-deferred-', PDB: '', fileVersion: 10.0.22000.1
C:\Windows\System32\combase.dll:combase.dll (00007FFC82490000), size: 3641344 (result: 0), SymType: '-deferred-', PDB: '', fileVersion: 10.0.22000.708
C:\Users\horav\OneDrive\Desktop\Unity Games\2020.3.16f1\Editor\ispc_texcomp.dll:ispc_texcomp.dll (00007FFBB1320000), size: 1609728 (result: 0), SymType: '-deferred-', PDB: ''
C:\Windows\System32\IMM32.dll:IMM32.dll (00007FFC80D10000), size: 200704 (result: 0), SymType: '-deferred-', PDB: '', fileVersion: 10.0.22000.1
C:\Users\horav\OneDrive\Desktop\Unity Games\2020.3.16f1\Editor\WinPixEventRuntime.dll:WinPixEventRuntime.dll (00007FFC65000000), size: 45056 (result: 0), SymType: '-deferred-', PDB: '', fileVersion: 1.0.1812.6001
C:\Windows\System32\SETUPAPI.dll:SETUPAPI.dll (00007FFC81730000), size: 4636672 (result: 0), SymType: '-deferred-', PDB: '', fileVersion: 10.0.22000.469
C:\Windows\SYSTEM32\VCRUNTIME140.dll:VCRUNTIME140.dll (00007FFC621E0000), size: 110592 (result: 0), SymType: '-deferred-', PDB: '', fileVersion: 14.29.30135.0
C:\Windows\System32\OLEAUT32.dll:OLEAUT32.dll (00007FFC80E70000), size: 876544 (result: 0), SymType: '-deferred-', PDB: '', fileVersion: 10.0.22000.1
C:\Windows\System32\WINTRUST.dll:WINTRUST.dll (00007FFC800F0000), size: 421888 (result: 0), SymType: '-deferred-', PDB: '', fileVersion: 10.0.22000.708
C:\Windows\SYSTEM32\OPENGL32.dll:OPENGL32.dll (00007FFC3A4B0000), size: 1052672 (result: 0), SymType: '-deferred-', PDB: '', fileVersion: 10.0.22000.708
C:\Windows\SYSTEM32\GLU32.dll:GLU32.dll (00007FFC3A870000), size: 184320 (result: 0), SymType: '-deferred-', PDB: '', fileVersion: 10.0.22000.708
C:\Windows\SYSTEM32\IPHLPAPI.DLL:IPHLPAPI.DLL (00007FFC7EC60000), size: 184320 (result: 0), SymType: '-deferred-', PDB: '', fileVersion: 10.0.22000.282
C:\Windows\SYSTEM32\MSVCP140.dll:MSVCP140.dll (00007FFC62150000), size: 577536 (result: 0), SymType: '-deferred-', PDB: '', fileVersion: 14.29.30135.0
C:\Windows\SYSTEM32\WINMM.dll:WINMM.dll (00007FFC74F50000), size: 208896 (result: 0), SymType: '-deferred-', PDB: '', fileVersion: 10.0.22000.1
C:\Windows\SYSTEM32\WINHTTP.dll:WINHTTP.dll (00007FFC76810000), size: 1097728 (result: 0), SymType: '-deferred-', PDB: '', fileVersion: 10.0.22000.1
C:\Windows\SYSTEM32\bcrypt.dll:bcrypt.dll (00007FFC7F960000), size: 159744 (result: 0), SymType: '-deferred-', PDB: '', fileVersion: 10.0.22000.1
C:\Windows\SYSTEM32\HID.DLL:HID.DLL (00007FFC7E930000), size: 57344 (result: 0), SymType: '-deferred-', PDB: '', fileVersion: 10.0.22000.1
C:\Users\horav\OneDrive\Desktop\Unity Games\2020.3.16f1\Editor\RadeonImageFilters.dll:RadeonImageFilters.dll (00007FFBB0820000), size: 2535424 (result: 0), SymType: '-deferred-', PDB: '', fileVersion: 1.5.1.0
C:\Users\horav\OneDrive\Desktop\Unity Games\2020.3.16f1\Editor\SketchUpAPI.dll:SketchUpAPI.dll (00007FFBB0A90000), size: 8978432 (result: 0), SymType: '-deferred-', PDB: '', fileVersion: 19.0.753.0
C:\Windows\SYSTEM32\VERSION.dll:VERSION.dll (00007FFC73C00000), size: 40960 (result: 0), SymType: '-deferred-', PDB: '', fileVersion: 10.0.22000.1
C:\Windows\SYSTEM32\WSOCK32.dll:WSOCK32.dll (00007FFC61570000), size: 36864 (result: 0), SymType: '-deferred-', PDB: '', fileVersion: 10.0.22000.1
C:\Windows\SYSTEM32\VCRUNTIME140_1.dll:VCRUNTIME140_1.dll (00007FFC63340000), size: 49152 (result: 0), SymType: '-deferred-', PDB: '', fileVersion: 14.29.30135.0
C:\Windows\SYSTEM32\dxcore.dll:dxcore.dll (00007FFC7D9C0000), size: 229376 (result: 0), SymType: '-deferred-', PDB: '', fileVersion: 10.0.22000.653
C:\Users\horav\OneDrive\Desktop\Unity Games\2020.3.16f1\Editor\SketchUpCommonPreferences.dll:SketchUpCommonPreferences.dll (00007FFC14780000), size: 483328 (result: 0), SymType: '-deferred-', PDB: '', fileVersion: 19.0.753.20342
C:\Windows\SYSTEM32\Secur32.dll:Secur32.dll (00007FFC61540000), size: 49152 (result: 0), SymType: '-deferred-', PDB: '', fileVersion: 10.0.22000.675
C:\Windows\SYSTEM32\SSPICLI.DLL:SSPICLI.DLL (00007FFC7F390000), size: 270336 (result: 0), SymType: '-deferred-', PDB: '', fileVersion: 10.0.22000.556
C:\Users\horav\OneDrive\Desktop\Unity Games\2020.3.16f1\Editor\tbb.dll:tbb.dll (00007FFC51470000), size: 413696 (result: 0), SymType: '-deferred-', PDB: '', fileVersion: 2017.0.2016.1004
C:\Windows\SYSTEM32\MSVCR120.dll:MSVCR120.dll (00007FFC04CD0000), size: 978944 (result: 0), SymType: '-deferred-', PDB: '', fileVersion: 12.0.40664.0
C:\Windows\SYSTEM32\MSVCP120.dll:MSVCP120.dll (00007FFC45F40000), size: 679936 (result: 0), SymType: '-deferred-', PDB: '', fileVersion: 12.0.40664.0
C:\Users\horav\OneDrive\Desktop\Unity Games\2020.3.16f1\Editor\OpenRL.dll:OpenRL.dll (00000204A4560000), size: 12779520 (result: 0), SymType: '-deferred-', PDB: '', fileVersion: 1.5.0.2907
C:\Windows\SYSTEM32\MSVCR100.dll:MSVCR100.dll (0000000069270000), size: 860160 (result: 0), SymType: '-deferred-', PDB: '', fileVersion: 10.0.40219.325
C:\Windows\SYSTEM32\MSVCP100.dll:MSVCP100.dll (0000000068FE0000), size: 622592 (result: 0), SymType: '-deferred-', PDB: '', fileVersion: 10.0.40219.325
C:\Users\horav\OneDrive\Desktop\Unity Games\2020.3.16f1\Editor\embree.dll:embree.dll (00007FFBAA7A0000), size: 16711680 (result: 0), SymType: '-deferred-', PDB: '', fileVersion: 2.14.0.0
C:\Windows\SYSTEM32\cfgmgr32.DLL:cfgmgr32.DLL (00007FFC7FC80000), size: 311296 (result: 0), SymType: '-deferred-', PDB: '', fileVersion: 10.0.22000.1
C:\Windows\SYSTEM32\MSWSOCK.DLL:MSWSOCK.DLL (00007FFC7F5A0000), size: 421888 (result: 0), SymType: '-deferred-', PDB: '', fileVersion: 10.0.22000.1
C:\Users\horav\OneDrive\Desktop\Unity Games\2020.3.16f1\Editor\OpenRL_pthread.dll:OpenRL_pthread.dll (00000204A51B0000), size: 61440 (result: 0), SymType: '-deferred-', PDB: '', fileVersion: 2.9.0.0
C:\Windows\SYSTEM32\MSASN1.dll:MSASN1.dll (00007FFC7F840000), size: 73728 (result: 0), SymType: '-deferred-', PDB: '', fileVersion: 10.0.22000.1
C:\Windows\SYSTEM32\kernel.appcore.dll:kernel.appcore.dll (00007FFC7F170000), size: 98304 (result: 0), SymType: '-deferred-', PDB: '', fileVersion: 10.0.22000.71
C:\Windows\System32\bcryptPrimitives.dll:bcryptPrimitives.dll (00007FFC7FFB0000), size: 520192 (result: 0), SymType: '-deferred-', PDB: '', fileVersion: 10.0.22000.708
C:\Windows\system32\uxtheme.dll:uxtheme.dll (00007FFC78810000), size: 704512 (result: 0), SymType: '-deferred-', PDB: '', fileVersion: 10.0.22000.120
C:\ProgramData\A-Volute\DellInc.AlienwareSoundCenter\Modules\ScheduledModules\x64\AudioDevProps2.dll:AudioDevProps2.dll (00007FFC2EEF0000), size: 1249280 (result: 0), SymType: '-deferred-', PDB: '', fileVersion: 2.6.12.0
C:\ProgramData\A-Volute\DellInc.AlienwareSoundCenter\Modules\ScheduledModules\x64\NahimicOSD.dll:NahimicOSD.dll (00007FFC2F610000), size: 712704 (result: 0), SymType: '-deferred-', PDB: '', fileVersion: 2.2.22.0
C:\ProgramData\A-Volute\DellInc.AlienwareSoundCenter\Modules\ScheduledModules\x64\ProductInfo.dll:ProductInfo.dll (00007FFC6FE80000), size: 135168 (result: 0), SymType: '-deferred-', PDB: '', fileVersion: 1.5.12.0
C:\Windows\System32\shcore.dll:shcore.dll (00007FFC81360000), size: 958464 (result: 0), SymType: '-deferred-', PDB: '', fileVersion: 10.0.22000.613
C:\Windows\SYSTEM32\windows.storage.dll:windows.storage.dll (00007FFC7E0C0000), size: 8814592 (result: 0), SymType: '-deferred-', PDB: '', fileVersion: 10.0.22000.708
C:\Windows\SYSTEM32\wintypes.dll:wintypes.dll (00007FFC7DF50000), size: 1466368 (result: 0), SymType: '-deferred-', PDB: '', fileVersion: 10.0.22000.708
C:\Windows\SYSTEM32\profapi.dll:profapi.dll (00007FFC7FEB0000), size: 135168 (result: 0), SymType: '-deferred-', PDB: '', fileVersion: 10.0.22000.1
C:\Windows\System32\clbcatq.dll:clbcatq.dll (00007FFC82810000), size: 716800 (result: 0), SymType: '-deferred-', PDB: '', fileVersion: 2001.12.10941.16384
C:\Windows\System32\netprofm.dll:netprofm.dll (00007FFC77DC0000), size: 462848 (result: 0), SymType: '-deferred-', PDB: '', fileVersion: 10.0.22000.708
C:\Windows\System32\NSI.dll:NSI.dll (00007FFC80AF0000), size: 36864 (result: 0), SymType: '-deferred-', PDB: '', fileVersion: 10.0.22000.1
C:\Windows\SYSTEM32\dhcpcsvc6.DLL:dhcpcsvc6.DLL (00007FFC766F0000), size: 102400 (result: 0), SymType: '-deferred-', PDB: '', fileVersion: 10.0.22000.71
C:\Windows\SYSTEM32\dhcpcsvc.DLL:dhcpcsvc.DLL (00007FFC76A60000), size: 122880 (result: 0), SymType: '-deferred-', PDB: '', fileVersion: 10.0.22000.71
C:\Windows\SYSTEM32\DNSAPI.dll:DNSAPI.dll (00007FFC7ECD0000), size: 950272 (result: 0), SymType: '-deferred-', PDB: '', fileVersion: 10.0.22000.708
C:\Program Files\Bonjour\mdnsNSP.dll:mdnsNSP.dll (000000006A860000), size: 155648 (result: 0), SymType: '-deferred-', PDB: '', fileVersion: 3.1.0.1
C:\Windows\System32\fwpuclnt.dll:fwpuclnt.dll (00007FFC75AC0000), size: 528384 (result: 0), SymType: '-deferred-', PDB: '', fileVersion: 10.0.22000.708
C:\Windows\System32\npmproxy.dll:npmproxy.dll (00007FFC75530000), size: 73728 (result: 0), SymType: '-deferred-', PDB: '', fileVersion: 10.0.22000.65
C:\Windows\System32\rasadhlp.dll:rasadhlp.dll (00007FFC75610000), size: 40960 (result: 0), SymType: '-deferred-', PDB: '', fileVersion: 10.0.22000.1
C:\Users\horav\OneDrive\Desktop\Unity Games\2020.3.16f1\Editor\Data\Tools\astcenc-avx2.dll:astcenc-avx2.dll (00007FFB95BD0000), size: 557056 (result: 0), SymType: '-deferred-', PDB: ''
C:\Users\horav\OneDrive\Desktop\Unity Games\ProjectRhizomeV2\Library\PackageCache\com.unity.xr.windowsmr@4.5.0\Runtime\Plugins\x64\AudioPluginMsHRTF.dll:AudioPluginMsHRTF.dll (00007FFB91B30000), size: 3080192 (result: 0), SymType: '-deferred-', PDB: ''
C:\Windows\SYSTEM32\HrtfApo.dll:HrtfApo.dll (00007FFC73110000), size: 503808 (result: 0), SymType: '-deferred-', PDB: '', fileVersion: 10.0.22000.1
C:\Windows\SYSTEM32\CRYPTBASE.DLL:CRYPTBASE.DLL (00007FFC7F800000), size: 49152 (result: 0), SymType: '-deferred-', PDB: '', fileVersion: 10.0.22000.1
C:\Users\horav\OneDrive\Desktop\Unity Games\ProjectRhizomeV2\Library\PackageCache\com.unity.xr.oculus@1.9.1\Runtime\x64\AudioPluginOculusSpatializer.dll:AudioPluginOculusSpatializer.dll (00007FFB91260000), size: 9199616 (result: 0), SymType: '-deferred-', PDB: ''
C:\Users\horav\OneDrive\Desktop\Unity Games\ProjectRhizomeV2\Assets\Plugins\sqlite3.dll:sqlite3.dll (000002064C6C0000), size: 2195456 (result: 0), SymType: '-deferred-', PDB: '', fileVersion: 3.38.0.0
C:\Windows\SYSTEM32\d3d11.dll:d3d11.dll (00007FFC792E0000), size: 2621440 (result: 0), SymType: '-deferred-', PDB: '', fileVersion: 10.0.22000.653
C:\Windows\SYSTEM32\dxgi.dll:dxgi.dll (00007FFC795A0000), size: 995328 (result: 0), SymType: '-deferred-', PDB: '', fileVersion: 10.0.22000.708
C:\Windows\SYSTEM32\directxdatabasehelper.dll:directxdatabasehelper.dll (00007FFC74580000), size: 278528 (result: 0), SymType: '-deferred-', PDB: '', fileVersion: 10.0.22000.653
C:\Windows\SYSTEM32\ntmarta.dll:ntmarta.dll (00007FFC7EE10000), size: 212992 (result: 0), SymType: '-deferred-', PDB: '', fileVersion: 10.0.22000.1
C:\Windows\System32\DriverStore\FileRepository\nvdmig.inf_amd64_389f87091e77d132\nvldumdx.dll:nvldumdx.dll (00007FFC6E160000), size: 720896 (result: 0), SymType: '-deferred-', PDB: '', fileVersion: 30.0.15.1295
C:\Windows\SYSTEM32\cryptnet.dll:cryptnet.dll (00007FFC73740000), size: 200704 (result: 0), SymType: '-deferred-', PDB: '', fileVersion: 10.0.22000.1
C:\Windows\SYSTEM32\drvstore.dll:drvstore.dll (00007FFC735F0000), size: 1347584 (result: 0), SymType: '-deferred-', PDB: '', fileVersion: 10.0.22000.120
C:\Windows\SYSTEM32\devobj.dll:devobj.dll (00007FFC7FC50000), size: 180224 (result: 0), SymType: '-deferred-', PDB: '', fileVersion: 10.0.22000.1
C:\Windows\SYSTEM32\wldp.dll:wldp.dll (00007FFC7F8B0000), size: 262144 (result: 0), SymType: '-deferred-', PDB: '', fileVersion: 10.0.22000.739
C:\Windows\System32\imagehlp.dll:imagehlp.dll (00007FFC812B0000), size: 126976 (result: 0), SymType: '-deferred-', PDB: '', fileVersion: 10.0.22000.1
C:\Windows\SYSTEM32\CRYPTSP.dll:CRYPTSP.dll (00007FFC7F7E0000), size: 98304 (result: 0), SymType: '-deferred-', PDB: '', fileVersion: 10.0.22000.1
C:\Windows\system32\rsaenh.dll:rsaenh.dll (00007FFC7F0D0000), size: 217088 (result: 0), SymType: '-deferred-', PDB: '', fileVersion: 10.0.22000.282
C:\Windows\System32\DriverStore\FileRepository\nvdmig.inf_amd64_389f87091e77d132\nvwgf2umx.dll:nvwgf2umx.dll (00007FFC30580000), size: 43294720 (result: 0), SymType: '-deferred-', PDB: '', fileVersion: 30.0.15.1295
C:\Windows\system32\nvspcap64.dll:nvspcap64.dll (00007FFC2F110000), size: 2912256 (result: 0), SymType: '-deferred-', PDB: '', fileVersion: 3.25.1.27
C:\Windows\system32\wbem\wbemprox.dll:wbemprox.dll (00007FFC732C0000), size: 65536 (result: 0), SymType: '-deferred-', PDB: '', fileVersion: 10.0.22000.1
C:\Windows\SYSTEM32\wbemcomn.dll:wbemcomn.dll (00007FFC71870000), size: 532480 (result: 0), SymType: '-deferred-', PDB: '', fileVersion: 10.0.22000.1
C:\Windows\system32\wbem\wbemsvc.dll:wbemsvc.dll (00007FFC73240000), size: 81920 (result: 0), SymType: '-deferred-', PDB: '', fileVersion: 10.0.22000.1
C:\Windows\system32\wbem\fastprox.dll:fastprox.dll (00007FFC700C0000), size: 1024000 (result: 0), SymType: '-deferred-', PDB: '', fileVersion: 10.0.22000.1
C:\Windows\SYSTEM32\amsi.dll:amsi.dll (00007FFC6FE40000), size: 151552 (result: 0), SymType: '-deferred-', PDB: '', fileVersion: 10.0.22000.593
C:\Windows\SYSTEM32\USERENV.dll:USERENV.dll (00007FFC7F690000), size: 167936 (result: 0), SymType: '-deferred-', PDB: '', fileVersion: 10.0.22000.1
C:\ProgramData\Microsoft\Windows Defender\Platform\4.18.2203.5-0\MpOav.dll:MpOav.dll (00007FFC6FDC0000), size: 503808 (result: 0), SymType: '-deferred-', PDB: '', fileVersion: 4.18.2203.5
C:\Users\horav\OneDrive\Desktop\Unity Games\2020.3.16f1\Editor\cudart64_90.dll:cudart64_90.dll (00007FFB959F0000), size: 397312 (result: 0), SymType: '-deferred-', PDB: '', fileVersion: 6.14.11.9000
C:\Windows\SYSTEM32\opencl.dll:opencl.dll (00007FFB95880000), size: 1474560 (result: 0), SymType: '-deferred-', PDB: '', fileVersion: 3.0.1.0
C:\Users\horav\OneDrive\Desktop\Unity Games\2020.3.16f1\Editor\radeonrays.dll:radeonrays.dll (00007FFB957F0000), size: 552960 (result: 0), SymType: '-deferred-', PDB: ''
C:\Users\horav\OneDrive\Desktop\Unity Games\2020.3.16f1\Editor\Data\MonoBleedingEdge\EmbedRuntime\mono-2.0-bdwgc.dll:mono-2.0-bdwgc.dll (00007FFB95080000), size: 7790592 (result: 0), SymType: '-deferred-', PDB: ''
C:\Windows\System32\PSAPI.DLL:PSAPI.DLL (0000020674810000), size: 32768 (result: 0), SymType: '-deferred-', PDB: '', fileVersion: 10.0.22000.1
C:\ProgramData\Microsoft\VisualStudio\Setup\x64\Microsoft.VisualStudio.Setup.Configuration.Native.dll:Microsoft.VisualStudio.Setup.Configuration.Native.dll (00007FFC45EF0000), size: 327680 (result: 0), SymType: '-deferred-', PDB: '', fileVersion: 3.2.2137.26324
C:\Users\horav\OneDrive\Desktop\Unity Games\ProjectRhizomeV2\Library\PackageCache\com.unity.xr.oculus@1.9.1\Runtime\x64\OculusXRPlugin.dll:OculusXRPlugin.dll (00007FFBAC250000), size: 450560 (result: 0), SymType: '-deferred-', PDB: ''
C:\Windows\SYSTEM32\PROPSYS.dll:PROPSYS.dll (00007FFC798B0000), size: 1011712 (result: 0), SymType: '-deferred-', PDB: '', fileVersion: 7.0.22000.37
C:\Windows\System32\Windows.System.Launcher.dll:Windows.System.Launcher.dll (00007FFC721F0000), size: 1290240 (result: 0), SymType: '-deferred-', PDB: '', fileVersion: 10.0.22000.434
C:\Windows\System32\msvcp110_win.dll:msvcp110_win.dll (00007FFC77EE0000), size: 598016 (result: 0), SymType: '-deferred-', PDB: '', fileVersion: 10.0.22000.1
C:\Windows\SYSTEM32\windows.staterepositorycore.dll:windows.staterepositorycore.dll (00007FFC74AD0000), size: 110592 (result: 0), SymType: '-deferred-', PDB: '', fileVersion: 10.0.22000.65
C:\Windows\WinSxS\amd64_microsoft.windows.common-controls_6595b64144ccf1df_6.0.22000.120_none_9d947278b86cc467\comctl32.dll:comctl32.dll (00007FFC59800000), size: 2772992 (result: 0), SymType: '-deferred-', PDB: '', fileVersion: 6.10.22000.120
C:\Windows\SYSTEM32\WindowsCodecs.dll:WindowsCodecs.dll (00007FFC6E670000), size: 1761280 (result: 0), SymType: '-deferred-', PDB: '', fileVersion: 10.0.22000.653
C:\Windows\System32\thumbcache.dll:thumbcache.dll (00007FFC218D0000), size: 417792 (result: 0), SymType: '-deferred-', PDB: '', fileVersion: 10.0.22000.51
C:\Windows\SYSTEM32\policymanager.dll:policymanager.dll (00007FFC780E0000), size: 659456 (result: 0), SymType: '-deferred-', PDB: '', fileVersion: 10.0.22000.708
C:\Windows\System32\MrmCoreR.dll:MrmCoreR.dll (00007FFC62270000), size: 1052672 (result: 0), SymType: '-deferred-', PDB: '', fileVersion: 10.0.22000.120
C:\Windows\System32\iertutil.dll:iertutil.dll (00007FFC75D60000), size: 2830336 (result: 0), SymType: '-deferred-', PDB: '', fileVersion: 11.0.22000.653
C:\Windows\SYSTEM32\windows.staterepositoryclient.dll:windows.staterepositoryclient.dll (00007FFC71F90000), size: 253952 (result: 0), SymType: '-deferred-', PDB: '', fileVersion: 10.0.22000.653
C:\Windows\System32\bcp47mrm.dll:bcp47mrm.dll (00007FFC57C80000), size: 184320 (result: 0), SymType: '-deferred-', PDB: '', fileVersion: 10.0.22000.65
C:\Windows\System32\Windows.UI.dll:Windows.UI.dll (00007FFC585A0000), size: 1605632 (result: 0), SymType: '-deferred-', PDB: '', fileVersion: 10.0.22000.1
C:\Windows\WinSxS\amd64_microsoft.windows.gdiplus_6595b64144ccf1df_1.1.22000.675_none_ce846f9a12fab040\gdiplus.dll:gdiplus.dll (00007FFC62E20000), size: 1781760 (result: 0), SymType: '-deferred-', PDB: '', fileVersion: 10.0.22000.675
C:\Windows\System32\MSCTF.dll:MSCTF.dll (00007FFC81BA0000), size: 1171456 (result: 0), SymType: '-deferred-', PDB: '', fileVersion: 10.0.22000.708
C:\Windows\SYSTEM32\edputil.dll:edputil.dll (00007FFC34AD0000), size: 155648 (result: 0), SymType: '-deferred-', PDB: '', fileVersion: 10.0.22000.1
C:\Windows\System32\VAULTCLI.dll:VAULTCLI.dll (00007FFC3FAC0000), size: 364544 (result: 0), SymType: '-deferred-', PDB: '', fileVersion: 10.0.22000.613
C:\Windows\System32\Windows.StateRepositoryPS.dll:Windows.StateRepositoryPS.dll (00007FFC655C0000), size: 1261568 (result: 0), SymType: '-deferred-', PDB: '', fileVersion: 10.0.22000.65
C:\Users\horav\OneDrive\Desktop\Unity Games\ProjectRhizomeV2\Assets\Plugins\FMOD\platforms\win\lib\x86_64\fmodstudioL.dll:fmodstudioL.dll (00007FFB8F660000), size: 4415488 (result: 0), SymType: '-deferred-', PDB: '', fileVersion: 0.2.2.3
C:\Windows\SYSTEM32\MSACM32.dll:MSACM32.dll (00007FFBFC420000), size: 122880 (result: 0), SymType: '-deferred-', PDB: '', fileVersion: 10.0.22000.1
C:\Windows\SYSTEM32\dbghelp.dll:dbghelp.dll (00007FFC7D3A0000), size: 2232320 (result: 0), SymType: '-deferred-', PDB: '', fileVersion: 10.0.22000.1

========== OUTPUTTING STACK TRACE ==================

0x00007FFC8031474C (KERNELBASE) RaiseException
0x00007FF6CD221C1D (Unity) EditorMonoConsole::LogToConsoleImplementation
0x00007FF6CD222B9A (Unity) EditorMonoConsole::LogToConsoleImplementation
0x00007FF6CEE419DE (Unity) DebugStringToFilePostprocessedStacktrace
0x00007FF6CEE40F8F (Unity) DebugStringToFile
0x00007FF6CBFEBF1E (Unity) CachedReader::OutOfBoundsError
0x00007FF6CBFF0FF4 (Unity) CachedReader::UpdateReadCache
0x00007FF6CC14CE26 (Unity) ExecuteSerializationCommands<SafeBinaryRead>
0x00007FF6CC153D6E (Unity) TransferScriptingObject<StreamedBinaryRead,0>
0x00007FF6CC16F21C (Unity) SerializableManagedRefTransfer::TransferBinaryInstanceOnly
0x00007FF6CC14F088 (Unity) SerializableManagedRefTransfer::RestoreBackupImpl<SerializableManagedRefBackupGenerator>
0x00007FF6CC14EF2B (Unity) SerializableManagedRefTransfer::RestoreBackup<SerializableManagedRefBackupGenerator>
0x00007FF6CC6E23B7 (Unity) SerializableManagedRefsUtilities::RestoreBackups
0x00007FF6CC61FF14 (Unity) MonoManager::EndReloadAssembly
0x00007FF6CC626EB1 (Unity) MonoManager::ReloadAssembly
0x00007FF6CDA0F761 (Unity) LoadDomainAndUserAssemblies
0x00007FF6CDA0FC0E (Unity) LoadUserAssemblies
0x00007FF6CDE86AF8 (Unity) <lambda_f884836a6b9c2dbfd258e368d2f7eef5>::operator()
0x00007FF6CDF2A222 (Unity) asio::detail::completion_handler<core::mutable_function<void __cdecl(void)> >::do_complete
0x00007FF6CDF2C380 (Unity) asio::detail::win_iocp_io_service::do_one
0x00007FF6CDF2FB0E (Unity) asio::io_service::run
0x00007FF6CDEB2D4B (Unity) RunAssetImportWorkerClientV2
0x00007FF6CDEB2DA0 (Unity) RunAssetImporterV2
0x00007FF6CD37B1C6 (Unity) Application::InitializeProject
0x00007FF6CDD224F2 (Unity) WinMain
0x00007FF6CFB734B6 (Unity) __scrt_common_main_seh
0x00007FFC812054E0 (KERNEL32) BaseThreadInitThunk
0x00007FFC82AA485B (ntdll) RtlUserThreadStart

========== END OF STACKTRACE ===========

A crash has been intercepted by the crash handler. For call stack and other details, see the latest crash report generated in:
 * C:/Users/horav/AppData/Local/Temp/Unity/Editor/Crashes
